<?xml version="1.0" encoding="UTF-8"?>
<testsuite xmlns:xsi="http://www.w3.org/2001/XMLSchema-instance" xsi:noNamespaceSchemaLocation="https://maven.apache.org/surefire/maven-surefire-plugin/xsd/surefire-test-report.xsd" name="Verify search products functionality" time="24.236" tests="1" errors="0" skipped="0" failures="1">
  <properties>
[...]
</properties>
  <testcase name="Verify user is able to search a product by entering keywords in the search bar" classname="Verify search products functionality" time="24.236">
    <failure type="java.lang.AssertionError">java.lang.AssertionError
</failure>
    <system-out><![CDATA[Mar 19, 2024 11:47:23 PM net.masterthought.cucumber.ReportParser parseJsonFiles
INFO: File 'C:\WINDOWS\TEMP\cucumber10011250632893246145.json' contains 1 features

@CheckSearchFunctionality @Regression @CheckProductSearch
Scenario Outline: Verify user is able to search a product by entering keywords in the search bar # src/test/resources/Feature/checkSearchFunctionality.feature:16
I'm inside browser setup
  Given User is logged in with email "Tester0001@yopmail.com" and password "Test12345"           # stepDefinition.CheckCompareProduct.user_is_logged_in(java.lang.String,java.lang.String)
  When User clicks on search bar                                                                 # stepDefinition.SearchFunctionalityCheck.user_clicks_on_search_bar()
  And Enter required product tshirt                                                              # stepDefinition.SearchFunctionalityCheck.enter_required_product_tshirt(java.lang.String)
Suggestion wont start with initialtshirt
Suggestion wont start with initialtshirt
Suggestion wont start with initialtshirt
Suggestion wont start with initialtshirt
Suggestion wont start with initialtshirt
Suggestion wont start with initialtshirt
Suggestion wont start with initialtshirt
Suggestion wont start with initialtshirt
  Then Suggestions appears with tshirt as initials                                               # stepDefinition.SearchFunctionalityCheck.suggestions_appears_with_tshirt_as_initials(java.lang.String)
  And User selects " tshirt man"                                                                 # stepDefinition.SearchFunctionalityCheck.user_selects(java.lang.String)
  Then Search results page for "tshirt man" appears                                              # stepDefinition.SearchFunctionalityCheck.search_results_page_for_appears(java.lang.String)
SKU value wont start with :M
  And Checks if the SKU value for all the resulted product starts with "M"                       # stepDefinition.SearchFunctionalityCheck.checks_if_the_sku_value_starts_with(java.lang.String)
      java.lang.AssertionError
	at org.junit.Assert.fail(Assert.java:87)
	at org.junit.Assert.assertTrue(Assert.java:42)
	at org.junit.Assert.assertTrue(Assert.java:53)
	at stepDefinition.SearchFunctionalityCheck.checks_if_the_sku_value_starts_with(SearchFunctionalityCheck.java:46)
	at ✽.Checks if the SKU value for all the resulted product starts with "M"(file:///C:/Users/User/Desktop/Luma/src/test/resources/Feature/checkSearchFunctionality.feature:12)


    Embedding Verify user is able to search a product by entering keywords in the search bar [image/png 135894 bytes]

Browser closed
]]></system-out>
  </testcase>
</testsuite>